# JRE version: OpenJDK Runtime Environment (8.0_112-b06) (build 1.8.0_112-release-b06)
# Java VM: OpenJDK 64-Bit Server VM (25.112-b06 mixed mode windows-amd64 compressed oops)
Heap:
 PSYoungGen      total 325632K, used 45045K [0x00000000e0000000, 0x00000000f5180000, 0x0000000100000000)
  eden space 311808K, 10% used [0x00000000e0000000,0x00000000e1e842f0,0x00000000f3080000)
  from space 13824K, 99% used [0x00000000f4400000,0x00000000f5179328,0x00000000f5180000)
  to   space 16896K, 0% used [0x00000000f3080000,0x00000000f3080000,0x00000000f4100000)
 ParOldGen       total 72704K, used 29417K [0x00000000a0000000, 0x00000000a4700000, 0x00000000e0000000)
  object space 72704K, 40% used [0x00000000a0000000,0x00000000a1cba7a8,0x00000000a4700000)
 Metaspace       used 54618K, capacity 56554K, committed 56664K, reserved 1097728K
  class space    used 7332K, capacity 7782K, committed 7808K, reserved 1048576K
GC Heap History (10 events):
Event: 14.701 GC heap before
{Heap before GC invocations=10 (full 2):
 PSYoungGen      total 124928K, used 114176K [0x00000000e0000000, 0x00000000edb80000, 0x0000000100000000)
  eden space 114176K, 100% used [0x00000000e0000000,0x00000000e6f80000,0x00000000e6f80000)
  from space 10752K, 0% used [0x00000000e6f80000,0x00000000e6f80000,0x00000000e7a00000)
  to   space 11776K, 0% used [0x00000000ed000000,0x00000000ed000000,0x00000000edb80000)
 ParOldGen       total 72704K, used 17056K [0x00000000a0000000, 0x00000000a4700000, 0x00000000e0000000)
  object space 72704K, 23% used [0x00000000a0000000,0x00000000a10a81e8,0x00000000a4700000)
 Metaspace       used 41654K, capacity 42804K, committed 43096K, reserved 1087488K
  class space    used 5563K, capacity 5937K, committed 6016K, reserved 1048576K
Event: 14.715 GC heap after
Heap after GC invocations=10 (full 2):
 PSYoungGen      total 193536K, used 11774K [0x00000000e0000000, 0x00000000edb80000, 0x0000000100000000)
  eden space 181760K, 0% used [0x00000000e0000000,0x00000000e0000000,0x00000000eb180000)
  from space 11776K, 99% used [0x00000000ed000000,0x00000000edb7fac8,0x00000000edb80000)
  to   space 13824K, 0% used [0x00000000ec080000,0x00000000ec080000,0x00000000ece00000)
 ParOldGen       total 72704K, used 17866K [0x00000000a0000000, 0x00000000a4700000, 0x00000000e0000000)
  object space 72704K, 24% used [0x00000000a0000000,0x00000000a11729f0,0x00000000a4700000)
 Metaspace       used 41654K, capacity 42804K, committed 43096K, reserved 1087488K
  class space    used 5563K, capacity 5937K, committed 6016K, reserved 1048576K
}
Event: 16.751 GC heap before
{Heap before GC invocations=11 (full 2):
 PSYoungGen      total 193536K, used 193534K [0x00000000e0000000, 0x00000000edb80000, 0x0000000100000000)
  eden space 181760K, 100% used [0x00000000e0000000,0x00000000eb180000,0x00000000eb180000)
  from space 11776K, 99% used [0x00000000ed000000,0x00000000edb7fac8,0x00000000edb80000)
  to   space 13824K, 0% used [0x00000000ec080000,0x00000000ec080000,0x00000000ece00000)
 ParOldGen       total 72704K, used 17866K [0x00000000a0000000, 0x00000000a4700000, 0x00000000e0000000)
  object space 72704K, 24% used [0x00000000a0000000,0x00000000a11729f0,0x00000000a4700000)
 Metaspace       used 42566K, capacity 43724K, committed 43992K, reserved 1087488K
  class space    used 5693K, capacity 6041K, committed 6144K, reserved 1048576K
Event: 16.800 GC heap after
Heap after GC invocations=11 (full 2):
 PSYoungGen      total 210944K, used 8677K [0x00000000e0000000, 0x00000000f0b80000, 0x0000000100000000)
  eden space 197120K, 0% used [0x00000000e0000000,0x00000000e0000000,0x00000000ec080000)
  from space 13824K, 62% used [0x00000000ec080000,0x00000000ec8f95d8,0x00000000ece00000)
  to   space 13312K, 0% used [0x00000000efe80000,0x00000000efe80000,0x00000000f0b80000)
 ParOldGen       total 72704K, used 17874K [0x00000000a0000000, 0x00000000a4700000, 0x00000000e0000000)
  object space 72704K, 24% used [0x00000000a0000000,0x00000000a11749f0,0x00000000a4700000)
 Metaspace       used 42566K, capacity 43724K, committed 43992K, reserved 1087488K
  class space    used 5693K, capacity 6041K, committed 6144K, reserved 1048576K
}
Event: 19.112 GC heap before
{Heap before GC invocations=12 (full 2):
 PSYoungGen      total 210944K, used 205797K [0x00000000e0000000, 0x00000000f0b80000, 0x0000000100000000)
  eden space 197120K, 100% used [0x00000000e0000000,0x00000000ec080000,0x00000000ec080000)
  from space 13824K, 62% used [0x00000000ec080000,0x00000000ec8f95d8,0x00000000ece00000)
  to   space 13312K, 0% used [0x00000000efe80000,0x00000000efe80000,0x00000000f0b80000)
 ParOldGen       total 72704K, used 17874K [0x00000000a0000000, 0x00000000a4700000, 0x00000000e0000000)
  object space 72704K, 24% used [0x00000000a0000000,0x00000000a11749f0,0x00000000a4700000)
 Metaspace       used 46690K, capacity 47862K, committed 48088K, reserved 1091584K
  class space    used 6221K, capacity 6556K, committed 6656K, reserved 1048576K
Event: 19.123 GC heap after
Heap after GC invocations=12 (full 2):
 PSYoungGen      total 260096K, used 3778K [0x00000000e0000000, 0x00000000f1a80000, 0x0000000100000000)
  eden space 246784K, 0% used [0x00000000e0000000,0x00000000e0000000,0x00000000ef100000)
  from space 13312K, 28% used [0x00000000efe80000,0x00000000f0230ad0,0x00000000f0b80000)
  to   space 13824K, 0% used [0x00000000ef100000,0x00000000ef100000,0x00000000efe80000)
 ParOldGen       total 72704K, used 25539K [0x00000000a0000000, 0x00000000a4700000, 0x00000000e0000000)
  object space 72704K, 35% used [0x00000000a0000000,0x00000000a18f0f48,0x00000000a4700000)
 Metaspace       used 46690K, capacity 47862K, committed 48088K, reserved 1091584K
  class space    used 6221K, capacity 6556K, committed 6656K, reserved 1048576K
}
Event: 21.948 GC heap before
{Heap before GC invocations=13 (full 2):
 PSYoungGen      total 260096K, used 250562K [0x00000000e0000000, 0x00000000f1a80000, 0x0000000100000000)
  eden space 246784K, 100% used [0x00000000e0000000,0x00000000ef100000,0x00000000ef100000)
  from space 13312K, 28% used [0x00000000efe80000,0x00000000f0230ad0,0x00000000f0b80000)
  to   space 13824K, 0% used [0x00000000ef100000,0x00000000ef100000,0x00000000efe80000)
 ParOldGen       total 72704K, used 25539K [0x00000000a0000000, 0x00000000a4700000, 0x00000000e0000000)
  object space 72704K, 35% used [0x00000000a0000000,0x00000000a18f0f48,0x00000000a4700000)
 Metaspace       used 46903K, capacity 48128K, committed 48344K, reserved 1091584K
  class space    used 6242K, capacity 6623K, committed 6656K, reserved 1048576K
Event: 21.952 GC heap after
Heap after GC invocations=13 (full 2):
 PSYoungGen      total 260608K, used 1668K [0x00000000e0000000, 0x00000000f5180000, 0x0000000100000000)
  eden space 246784K, 0% used [0x00000000e0000000,0x00000000e0000000,0x00000000ef100000)
  from space 13824K, 12% used [0x00000000ef100000,0x00000000ef2a13b0,0x00000000efe80000)
  to   space 13824K, 0% used [0x00000000f4400000,0x00000000f4400000,0x00000000f5180000)
 ParOldGen       total 72704K, used 26935K [0x00000000a0000000, 0x00000000a4700000, 0x00000000e0000000)
  object space 72704K, 37% used [0x00000000a0000000,0x00000000a1a4dce8,0x00000000a4700000)
 Metaspace       used 46903K, capacity 48128K, committed 48344K, reserved 1091584K
  class space    used 6242K, capacity 6623K, committed 6656K, reserved 1048576K
}
Event: 26.632 GC heap before
{Heap before GC invocations=14 (full 2):
 PSYoungGen      total 260608K, used 248452K [0x00000000e0000000, 0x00000000f5180000, 0x0000000100000000)
  eden space 246784K, 100% used [0x00000000e0000000,0x00000000ef100000,0x00000000ef100000)
  from space 13824K, 12% used [0x00000000ef100000,0x00000000ef2a13b0,0x00000000efe80000)
  to   space 13824K, 0% used [0x00000000f4400000,0x00000000f4400000,0x00000000f5180000)
 ParOldGen       total 72704K, used 26935K [0x00000000a0000000, 0x00000000a4700000, 0x00000000e0000000)
  object space 72704K, 37% used [0x00000000a0000000,0x00000000a1a4dce8,0x00000000a4700000)
 Metaspace       used 53673K, capacity 55622K, committed 55896K, reserved 1097728K
  class space    used 7213K, capacity 7696K, committed 7808K, reserved 1048576K
Event: 26.656 GC heap after
Heap after GC invocations=14 (full 2):
 PSYoungGen      total 325632K, used 13796K [0x00000000e0000000, 0x00000000f5180000, 0x0000000100000000)
  eden space 311808K, 0% used [0x00000000e0000000,0x00000000e0000000,0x00000000f3080000)
  from space 13824K, 99% used [0x00000000f4400000,0x00000000f5179328,0x00000000f5180000)
  to   space 16896K, 0% used [0x00000000f3080000,0x00000000f3080000,0x00000000f4100000)
 ParOldGen       total 72704K, used 29417K [0x00000000a0000000, 0x00000000a4700000, 0x00000000e0000000)
  object space 72704K, 40% used [0x00000000a0000000,0x00000000a1cba7a8,0x00000000a4700000)
 Metaspace       used 53673K, capacity 55622K, committed 55896K, reserved 1097728K
  class space    used 7213K, capacity 7696K, committed 7808K, reserved 1048576K
}

