# JRE version: OpenJDK Runtime Environment (8.0_112-b06) (build 1.8.0_112-release-b06)
# Java VM: OpenJDK 64-Bit Server VM (25.112-b06 mixed mode windows-amd64 compressed oops)
Heap:
 PSYoungGen      total 462336K, used 152735K [0x00000000e0000000, 0x0000000100000000, 0x0000000100000000)
  eden space 410624K, 26% used [0x00000000e0000000,0x00000000e6b97b18,0x00000000f9100000)
  from space 51712K, 82% used [0x00000000f9100000,0x00000000fba90300,0x00000000fc380000)
  to   space 58368K, 0% used [0x00000000fc700000,0x00000000fc700000,0x0000000100000000)
 ParOldGen       total 191488K, used 77615K [0x00000000a0000000, 0x00000000abb00000, 0x00000000e0000000)
  object space 191488K, 40% used [0x00000000a0000000,0x00000000a4bcbcf8,0x00000000abb00000)
 Metaspace       used 78347K, capacity 82410K, committed 82648K, reserved 1122304K
  class space    used 9715K, capacity 10674K, committed 10752K, reserved 1048576K
GC Heap History (10 events):
Event: 8643.125 GC heap before
{Heap before GC invocations=38 (full 5):
 PSYoungGen      total 463872K, used 410563K [0x00000000e0000000, 0x0000000100000000, 0x0000000100000000)
  eden space 403456K, 100% used [0x00000000e0000000,0x00000000f8a00000,0x00000000f8a00000)
  from space 60416K, 11% used [0x00000000fc500000,0x00000000fcbf0fe0,0x0000000100000000)
  to   space 60416K, 0% used [0x00000000f8a00000,0x00000000f8a00000,0x00000000fc500000)
 ParOldGen       total 191488K, used 68404K [0x00000000a0000000, 0x00000000abb00000, 0x00000000e0000000)
  object space 191488K, 35% used [0x00000000a0000000,0x00000000a42cd1e0,0x00000000abb00000)
 Metaspace       used 76227K, capacity 79828K, committed 79960K, reserved 1118208K
  class space    used 9496K, capacity 10353K, committed 10368K, reserved 1048576K
Event: 8643.134 GC heap after
Heap after GC invocations=38 (full 5):
 PSYoungGen      total 406016K, used 2144K [0x00000000e0000000, 0x00000000ffd00000, 0x0000000100000000)
  eden space 403456K, 0% used [0x00000000e0000000,0x00000000e0000000,0x00000000f8a00000)
  from space 2560K, 83% used [0x00000000f8a00000,0x00000000f8c18000,0x00000000f8c80000)
  to   space 58880K, 0% used [0x00000000fc380000,0x00000000fc380000,0x00000000ffd00000)
 ParOldGen       total 191488K, used 68500K [0x00000000a0000000, 0x00000000abb00000, 0x00000000e0000000)
  object space 191488K, 35% used [0x00000000a0000000,0x00000000a42e5200,0x00000000abb00000)
 Metaspace       used 76227K, capacity 79828K, committed 79960K, reserved 1118208K
  class space    used 9496K, capacity 10353K, committed 10368K, reserved 1048576K
}
Event: 8655.081 GC heap before
{Heap before GC invocations=39 (full 5):
 PSYoungGen      total 406016K, used 405600K [0x00000000e0000000, 0x00000000ffd00000, 0x0000000100000000)
  eden space 403456K, 100% used [0x00000000e0000000,0x00000000f8a00000,0x00000000f8a00000)
  from space 2560K, 83% used [0x00000000f8a00000,0x00000000f8c18000,0x00000000f8c80000)
  to   space 58880K, 0% used [0x00000000fc380000,0x00000000fc380000,0x00000000ffd00000)
 ParOldGen       total 191488K, used 68500K [0x00000000a0000000, 0x00000000abb00000, 0x00000000e0000000)
  object space 191488K, 35% used [0x00000000a0000000,0x00000000a42e5200,0x00000000abb00000)
 Metaspace       used 77082K, capacity 80782K, committed 80856K, reserved 1120256K
  class space    used 9580K, capacity 10458K, committed 10496K, reserved 1048576K
Event: 8655.125 GC heap after
Heap after GC invocations=39 (full 5):
 PSYoungGen      total 464896K, used 6923K [0x00000000e0000000, 0x0000000100000000, 0x0000000100000000)
  eden space 406016K, 0% used [0x00000000e0000000,0x00000000e0000000,0x00000000f8c80000)
  from space 58880K, 11% used [0x00000000fc380000,0x00000000fca42df8,0x00000000ffd00000)
  to   space 56320K, 0% used [0x00000000f8c80000,0x00000000f8c80000,0x00000000fc380000)
 ParOldGen       total 191488K, used 70410K [0x00000000a0000000, 0x00000000abb00000, 0x00000000e0000000)
  object space 191488K, 36% used [0x00000000a0000000,0x00000000a44c28a0,0x00000000abb00000)
 Metaspace       used 77082K, capacity 80782K, committed 80856K, reserved 1120256K
  class space    used 9580K, capacity 10458K, committed 10496K, reserved 1048576K
}
Event: 8657.430 GC heap before
{Heap before GC invocations=40 (full 5):
 PSYoungGen      total 464896K, used 412715K [0x00000000e0000000, 0x0000000100000000, 0x0000000100000000)
  eden space 406016K, 99% used [0x00000000e0000000,0x00000000f8c480c0,0x00000000f8c80000)
  from space 58880K, 11% used [0x00000000fc380000,0x00000000fca42df8,0x00000000ffd00000)
  to   space 56320K, 0% used [0x00000000f8c80000,0x00000000f8c80000,0x00000000fc380000)
 ParOldGen       total 191488K, used 70410K [0x00000000a0000000, 0x00000000abb00000, 0x00000000e0000000)
  object space 191488K, 36% used [0x00000000a0000000,0x00000000a44c28a0,0x00000000abb00000)
 Metaspace       used 77131K, capacity 80794K, committed 81112K, reserved 1120256K
  class space    used 9582K, capacity 10460K, committed 10496K, reserved 1048576K
Event: 8657.545 GC heap after
Heap after GC invocations=40 (full 5):
 PSYoungGen      total 462336K, used 8481K [0x00000000e0000000, 0x00000000ff780000, 0x0000000100000000)
  eden space 406016K, 0% used [0x00000000e0000000,0x00000000e0000000,0x00000000f8c80000)
  from space 56320K, 15% used [0x00000000f8c80000,0x00000000f94c84d0,0x00000000fc380000)
  to   space 53248K, 0% used [0x00000000fc380000,0x00000000fc380000,0x00000000ff780000)
 ParOldGen       total 191488K, used 74785K [0x00000000a0000000, 0x00000000abb00000, 0x00000000e0000000)
  object space 191488K, 39% used [0x00000000a0000000,0x00000000a49085d0,0x00000000abb00000)
 Metaspace       used 77131K, capacity 80794K, committed 81112K, reserved 1120256K
  class space    used 9582K, capacity 10460K, committed 10496K, reserved 1048576K
}
Event: 8712.907 GC heap before
{Heap before GC invocations=41 (full 5):
 PSYoungGen      total 462336K, used 414497K [0x00000000e0000000, 0x00000000ff780000, 0x0000000100000000)
  eden space 406016K, 100% used [0x00000000e0000000,0x00000000f8c80000,0x00000000f8c80000)
  from space 56320K, 15% used [0x00000000f8c80000,0x00000000f94c84d0,0x00000000fc380000)
  to   space 53248K, 0% used [0x00000000fc380000,0x00000000fc380000,0x00000000ff780000)
 ParOldGen       total 191488K, used 74785K [0x00000000a0000000, 0x00000000abb00000, 0x00000000e0000000)
  object space 191488K, 39% used [0x00000000a0000000,0x00000000a49085d0,0x00000000abb00000)
 Metaspace       used 77313K, capacity 81122K, committed 81240K, reserved 1120256K
  class space    used 9599K, capacity 10512K, committed 10624K, reserved 1048576K
Event: 8712.927 GC heap after
Heap after GC invocations=41 (full 5):
 PSYoungGen      total 463872K, used 2112K [0x00000000e0000000, 0x00000000ffa00000, 0x0000000100000000)
  eden space 410624K, 0% used [0x00000000e0000000,0x00000000e0000000,0x00000000f9100000)
  from space 53248K, 3% used [0x00000000fc380000,0x00000000fc590000,0x00000000ff780000)
  to   space 51712K, 0% used [0x00000000f9100000,0x00000000f9100000,0x00000000fc380000)
 ParOldGen       total 191488K, used 75689K [0x00000000a0000000, 0x00000000abb00000, 0x00000000e0000000)
  object space 191488K, 39% used [0x00000000a0000000,0x00000000a49ea650,0x00000000abb00000)
 Metaspace       used 77313K, capacity 81122K, committed 81240K, reserved 1120256K
  class space    used 9599K, capacity 10512K, committed 10624K, reserved 1048576K
}
Event: 8725.034 GC heap before
{Heap before GC invocations=42 (full 5):
 PSYoungGen      total 463872K, used 412736K [0x00000000e0000000, 0x00000000ffa00000, 0x0000000100000000)
  eden space 410624K, 100% used [0x00000000e0000000,0x00000000f9100000,0x00000000f9100000)
  from space 53248K, 3% used [0x00000000fc380000,0x00000000fc590000,0x00000000ff780000)
  to   space 51712K, 0% used [0x00000000f9100000,0x00000000f9100000,0x00000000fc380000)
 ParOldGen       total 191488K, used 75689K [0x00000000a0000000, 0x00000000abb00000, 0x00000000e0000000)
  object space 191488K, 39% used [0x00000000a0000000,0x00000000a49ea650,0x00000000abb00000)
 Metaspace       used 78333K, capacity 82410K, committed 82648K, reserved 1122304K
  class space    used 9715K, capacity 10674K, committed 10752K, reserved 1048576K
Event: 8725.145 GC heap after
Heap after GC invocations=42 (full 5):
 PSYoungGen      total 462336K, used 42560K [0x00000000e0000000, 0x0000000100000000, 0x0000000100000000)
  eden space 410624K, 0% used [0x00000000e0000000,0x00000000e0000000,0x00000000f9100000)
  from space 51712K, 82% used [0x00000000f9100000,0x00000000fba90300,0x00000000fc380000)
  to   space 58368K, 0% used [0x00000000fc700000,0x00000000fc700000,0x0000000100000000)
 ParOldGen       total 191488K, used 77615K [0x00000000a0000000, 0x00000000abb00000, 0x00000000e0000000)
  object space 191488K, 40% used [0x00000000a0000000,0x00000000a4bcbcf8,0x00000000abb00000)
 Metaspace       used 78333K, capacity 82410K, committed 82648K, reserved 1122304K
  class space    used 9715K, capacity 10674K, committed 10752K, reserved 1048576K
}

