# JRE version: OpenJDK Runtime Environment (8.0_112-b06) (build 1.8.0_112-release-b06)
# Java VM: OpenJDK 64-Bit Server VM (25.112-b06 mixed mode windows-amd64 compressed oops)
Heap:
 PSYoungGen      total 460800K, used 41680K [0x00000000e0000000, 0x0000000100000000, 0x0000000100000000)
  eden space 402944K, 0% used [0x00000000e0000000,0x00000000e0233fc8,0x00000000f8980000)
  from space 57856K, 68% used [0x00000000f8980000,0x00000000fb000378,0x00000000fc200000)
  to   space 61440K, 0% used [0x00000000fc400000,0x00000000fc400000,0x0000000100000000)
 ParOldGen       total 216064K, used 207119K [0x00000000a0000000, 0x00000000ad300000, 0x00000000e0000000)
  object space 216064K, 95% used [0x00000000a0000000,0x00000000aca43fe0,0x00000000ad300000)
 Metaspace       used 93990K, capacity 101764K, committed 101848K, reserved 1138688K
  class space    used 11578K, capacity 13549K, committed 13568K, reserved 1048576K
GC Heap History (10 events):
Event: 5521.173 GC heap before
{Heap before GC invocations=97 (full 4):
 PSYoungGen      total 444928K, used 397118K [0x00000000e0000000, 0x00000000ff700000, 0x0000000100000000)
  eden space 381952K, 100% used [0x00000000e0000000,0x00000000f7500000,0x00000000f7500000)
  from space 62976K, 24% used [0x00000000fb980000,0x00000000fc84f960,0x00000000ff700000)
  to   space 66560K, 0% used [0x00000000f7500000,0x00000000f7500000,0x00000000fb600000)
 ParOldGen       total 216064K, used 206557K [0x00000000a0000000, 0x00000000ad300000, 0x00000000e0000000)
  object space 216064K, 95% used [0x00000000a0000000,0x00000000ac9b7690,0x00000000ad300000)
 Metaspace       used 92400K, capacity 100068K, committed 100312K, reserved 1136640K
  class space    used 11397K, capacity 13299K, committed 13312K, reserved 1048576K
Event: 5521.188 GC heap after
Heap after GC invocations=97 (full 4):
 PSYoungGen      total 448512K, used 6128K [0x00000000e0000000, 0x00000000fff80000, 0x0000000100000000)
  eden space 381952K, 0% used [0x00000000e0000000,0x00000000e0000000,0x00000000f7500000)
  from space 66560K, 9% used [0x00000000f7500000,0x00000000f7afc030,0x00000000fb600000)
  to   space 64512K, 0% used [0x00000000fc080000,0x00000000fc080000,0x00000000fff80000)
 ParOldGen       total 216064K, used 206765K [0x00000000a0000000, 0x00000000ad300000, 0x00000000e0000000)
  object space 216064K, 95% used [0x00000000a0000000,0x00000000ac9eb6a0,0x00000000ad300000)
 Metaspace       used 92400K, capacity 100068K, committed 100312K, reserved 1136640K
  class space    used 11397K, capacity 13299K, committed 13312K, reserved 1048576K
}
Event: 5527.075 GC heap before
{Heap before GC invocations=98 (full 4):
 PSYoungGen      total 448512K, used 388080K [0x00000000e0000000, 0x00000000fff80000, 0x0000000100000000)
  eden space 381952K, 100% used [0x00000000e0000000,0x00000000f7500000,0x00000000f7500000)
  from space 66560K, 9% used [0x00000000f7500000,0x00000000f7afc030,0x00000000fb600000)
  to   space 64512K, 0% used [0x00000000fc080000,0x00000000fc080000,0x00000000fff80000)
 ParOldGen       total 216064K, used 206765K [0x00000000a0000000, 0x00000000ad300000, 0x00000000e0000000)
  object space 216064K, 95% used [0x00000000a0000000,0x00000000ac9eb6a0,0x00000000ad300000)
 Metaspace       used 93172K, capacity 100822K, committed 100952K, reserved 1136640K
  class space    used 11482K, capacity 13404K, committed 13440K, reserved 1048576K
Event: 5527.092 GC heap after
Heap after GC invocations=98 (full 4):
 PSYoungGen      total 452096K, used 25723K [0x00000000e0000000, 0x00000000ffa00000, 0x0000000100000000)
  eden space 393216K, 0% used [0x00000000e0000000,0x00000000e0000000,0x00000000f8000000)
  from space 58880K, 43% used [0x00000000fc080000,0x00000000fd99ec80,0x00000000ffa00000)
  to   space 62464K, 0% used [0x00000000f8000000,0x00000000f8000000,0x00000000fbd00000)
 ParOldGen       total 216064K, used 206789K [0x00000000a0000000, 0x00000000ad300000, 0x00000000e0000000)
  object space 216064K, 95% used [0x00000000a0000000,0x00000000ac9f16a0,0x00000000ad300000)
 Metaspace       used 93172K, capacity 100822K, committed 100952K, reserved 1136640K
  class space    used 11482K, capacity 13404K, committed 13440K, reserved 1048576K
}
Event: 5527.767 GC heap before
{Heap before GC invocations=99 (full 4):
 PSYoungGen      total 452096K, used 417998K [0x00000000e0000000, 0x00000000ffa00000, 0x0000000100000000)
  eden space 393216K, 99% used [0x00000000e0000000,0x00000000f7f14eb8,0x00000000f8000000)
  from space 58880K, 43% used [0x00000000fc080000,0x00000000fd99ec80,0x00000000ffa00000)
  to   space 62464K, 0% used [0x00000000f8000000,0x00000000f8000000,0x00000000fbd00000)
 ParOldGen       total 216064K, used 206789K [0x00000000a0000000, 0x00000000ad300000, 0x00000000e0000000)
  object space 216064K, 95% used [0x00000000a0000000,0x00000000ac9f16a0,0x00000000ad300000)
 Metaspace       used 93177K, capacity 100822K, committed 100952K, reserved 1136640K
  class space    used 11482K, capacity 13404K, committed 13440K, reserved 1048576K
Event: 5528.030 GC heap after
Heap after GC invocations=99 (full 4):
 PSYoungGen      total 455680K, used 15851K [0x00000000e0000000, 0x00000000ffc80000, 0x0000000100000000)
  eden space 393216K, 0% used [0x00000000e0000000,0x00000000e0000000,0x00000000f8000000)
  from space 62464K, 25% used [0x00000000f8000000,0x00000000f8f7af10,0x00000000fbd00000)
  to   space 58880K, 0% used [0x00000000fc300000,0x00000000fc300000,0x00000000ffc80000)
 ParOldGen       total 216064K, used 206821K [0x00000000a0000000, 0x00000000ad300000, 0x00000000e0000000)
  object space 216064K, 95% used [0x00000000a0000000,0x00000000ac9f96a0,0x00000000ad300000)
 Metaspace       used 93177K, capacity 100822K, committed 100952K, reserved 1136640K
  class space    used 11482K, capacity 13404K, committed 13440K, reserved 1048576K
}
Event: 5640.867 GC heap before
{Heap before GC invocations=100 (full 4):
 PSYoungGen      total 455680K, used 409067K [0x00000000e0000000, 0x00000000ffc80000, 0x0000000100000000)
  eden space 393216K, 100% used [0x00000000e0000000,0x00000000f8000000,0x00000000f8000000)
  from space 62464K, 25% used [0x00000000f8000000,0x00000000f8f7af10,0x00000000fbd00000)
  to   space 58880K, 0% used [0x00000000fc300000,0x00000000fc300000,0x00000000ffc80000)
 ParOldGen       total 216064K, used 206821K [0x00000000a0000000, 0x00000000ad300000, 0x00000000e0000000)
  object space 216064K, 95% used [0x00000000a0000000,0x00000000ac9f96a0,0x00000000ad300000)
 Metaspace       used 93245K, capacity 100942K, committed 101080K, reserved 1136640K
  class space    used 11493K, capacity 13444K, committed 13568K, reserved 1048576K
Event: 5640.876 GC heap after
Heap after GC invocations=100 (full 4):
 PSYoungGen      total 459776K, used 4544K [0x00000000e0000000, 0x00000000ffa80000, 0x0000000100000000)
  eden space 402944K, 0% used [0x00000000e0000000,0x00000000e0000000,0x00000000f8980000)
  from space 56832K, 7% used [0x00000000fc300000,0x00000000fc770000,0x00000000ffa80000)
  to   space 57856K, 0% used [0x00000000f8980000,0x00000000f8980000,0x00000000fc200000)
 ParOldGen       total 216064K, used 207023K [0x00000000a0000000, 0x00000000ad300000, 0x00000000e0000000)
  object space 216064K, 95% used [0x00000000a0000000,0x00000000aca2bfe0,0x00000000ad300000)
 Metaspace       used 93245K, capacity 100942K, committed 101080K, reserved 1136640K
  class space    used 11493K, capacity 13444K, committed 13568K, reserved 1048576K
}
Event: 5645.514 GC heap before
{Heap before GC invocations=101 (full 4):
 PSYoungGen      total 459776K, used 407488K [0x00000000e0000000, 0x00000000ffa80000, 0x0000000100000000)
  eden space 402944K, 100% used [0x00000000e0000000,0x00000000f8980000,0x00000000f8980000)
  from space 56832K, 7% used [0x00000000fc300000,0x00000000fc770000,0x00000000ffa80000)
  to   space 57856K, 0% used [0x00000000f8980000,0x00000000f8980000,0x00000000fc200000)
 ParOldGen       total 216064K, used 207023K [0x00000000a0000000, 0x00000000ad300000, 0x00000000e0000000)
  object space 216064K, 95% used [0x00000000a0000000,0x00000000aca2bfe0,0x00000000ad300000)
 Metaspace       used 93965K, capacity 101764K, committed 101848K, reserved 1138688K
  class space    used 11574K, capacity 13549K, committed 13568K, reserved 1048576K
Event: 5645.619 GC heap after
Heap after GC invocations=101 (full 4):
 PSYoungGen      total 460800K, used 39424K [0x00000000e0000000, 0x0000000100000000, 0x0000000100000000)
  eden space 402944K, 0% used [0x00000000e0000000,0x00000000e0000000,0x00000000f8980000)
  from space 57856K, 68% used [0x00000000f8980000,0x00000000fb000378,0x00000000fc200000)
  to   space 61440K, 0% used [0x00000000fc400000,0x00000000fc400000,0x0000000100000000)
 ParOldGen       total 216064K, used 207119K [0x00000000a0000000, 0x00000000ad300000, 0x00000000e0000000)
  object space 216064K, 95% used [0x00000000a0000000,0x00000000aca43fe0,0x00000000ad300000)
 Metaspace       used 93965K, capacity 101764K, committed 101848K, reserved 1138688K
  class space    used 11574K, capacity 13549K, committed 13568K, reserved 1048576K
}

