# JRE version: OpenJDK Runtime Environment (8.0_112-b06) (build 1.8.0_112-release-b06)
# Java VM: OpenJDK 64-Bit Server VM (25.112-b06 mixed mode windows-amd64 compressed oops)
Heap:
 PSYoungGen      total 431616K, used 423711K [0x00000000e0000000, 0x0000000100000000, 0x0000000100000000)
  eden space 376832K, 100% used [0x00000000e0000000,0x00000000f7000000,0x00000000f7000000)
  from space 54784K, 85% used [0x00000000fca80000,0x00000000ff847f08,0x0000000100000000)
  to   space 73728K, 48% used [0x00000000f7000000,0x00000000f92b01f8,0x00000000fb800000)
 ParOldGen       total 194560K, used 137441K [0x00000000a0000000, 0x00000000abe00000, 0x00000000e0000000)
  object space 194560K, 70% used [0x00000000a0000000,0x00000000a86387e0,0x00000000abe00000)
 Metaspace       used 86468K, capacity 93806K, committed 94080K, reserved 1130496K
  class space    used 10801K, capacity 12528K, committed 12672K, reserved 1048576K
GC Heap History (10 events):
Event: 7860.404 GC heap after
Heap after GC invocations=70 (full 6):
 PSYoungGen      total 467968K, used 24451K [0x00000000e0000000, 0x00000000fff00000, 0x0000000100000000)
  eden space 416768K, 0% used [0x00000000e0000000,0x00000000e0000000,0x00000000f9700000)
  from space 51200K, 47% used [0x00000000fc980000,0x00000000fe160ce0,0x00000000ffb80000)
  to   space 51712K, 0% used [0x00000000f9700000,0x00000000f9700000,0x00000000fc980000)
 ParOldGen       total 194560K, used 100605K [0x00000000a0000000, 0x00000000abe00000, 0x00000000e0000000)
  object space 194560K, 51% used [0x00000000a0000000,0x00000000a623f590,0x00000000abe00000)
 Metaspace       used 85529K, capacity 92712K, committed 93056K, reserved 1130496K
  class space    used 10686K, capacity 12327K, committed 12416K, reserved 1048576K
}
Event: 7861.009 GC heap before
{Heap before GC invocations=71 (full 6):
 PSYoungGen      total 467968K, used 441184K [0x00000000e0000000, 0x00000000fff00000, 0x0000000100000000)
  eden space 416768K, 99% used [0x00000000e0000000,0x00000000f96f7580,0x00000000f9700000)
  from space 51200K, 47% used [0x00000000fc980000,0x00000000fe160ce0,0x00000000ffb80000)
  to   space 51712K, 0% used [0x00000000f9700000,0x00000000f9700000,0x00000000fc980000)
 ParOldGen       total 194560K, used 100605K [0x00000000a0000000, 0x00000000abe00000, 0x00000000e0000000)
  object space 194560K, 51% used [0x00000000a0000000,0x00000000a623f590,0x00000000abe00000)
 Metaspace       used 85539K, capacity 92712K, committed 93056K, reserved 1130496K
  class space    used 10686K, capacity 12327K, committed 12416K, reserved 1048576K
Event: 7861.020 GC heap after
Heap after GC invocations=71 (full 6):
 PSYoungGen      total 468480K, used 14365K [0x00000000e0000000, 0x00000000ff980000, 0x0000000100000000)
  eden space 416768K, 0% used [0x00000000e0000000,0x00000000e0000000,0x00000000f9700000)
  from space 51712K, 27% used [0x00000000f9700000,0x00000000fa5077c8,0x00000000fc980000)
  to   space 48128K, 0% used [0x00000000fca80000,0x00000000fca80000,0x00000000ff980000)
 ParOldGen       total 194560K, used 100613K [0x00000000a0000000, 0x00000000abe00000, 0x00000000e0000000)
  object space 194560K, 51% used [0x00000000a0000000,0x00000000a6241590,0x00000000abe00000)
 Metaspace       used 85539K, capacity 92712K, committed 93056K, reserved 1130496K
  class space    used 10686K, capacity 12327K, committed 12416K, reserved 1048576K
}
Event: 7940.276 GC heap before
{Heap before GC invocations=72 (full 6):
 PSYoungGen      total 468480K, used 431133K [0x00000000e0000000, 0x00000000ff980000, 0x0000000100000000)
  eden space 416768K, 100% used [0x00000000e0000000,0x00000000f9700000,0x00000000f9700000)
  from space 51712K, 27% used [0x00000000f9700000,0x00000000fa5077c8,0x00000000fc980000)
  to   space 48128K, 0% used [0x00000000fca80000,0x00000000fca80000,0x00000000ff980000)
 ParOldGen       total 194560K, used 100613K [0x00000000a0000000, 0x00000000abe00000, 0x00000000e0000000)
  object space 194560K, 51% used [0x00000000a0000000,0x00000000a6241590,0x00000000abe00000)
 Metaspace       used 85617K, capacity 92850K, committed 93184K, reserved 1130496K
  class space    used 10698K, capacity 12370K, committed 12544K, reserved 1048576K
Event: 7940.283 GC heap after
Heap after GC invocations=72 (full 6):
 PSYoungGen      total 471040K, used 3616K [0x00000000e0000000, 0x00000000ff980000, 0x0000000100000000)
  eden space 422912K, 0% used [0x00000000e0000000,0x00000000e0000000,0x00000000f9d00000)
  from space 48128K, 7% used [0x00000000fca80000,0x00000000fce08020,0x00000000ff980000)
  to   space 46592K, 0% used [0x00000000f9d00000,0x00000000f9d00000,0x00000000fca80000)
 ParOldGen       total 194560K, used 100645K [0x00000000a0000000, 0x00000000abe00000, 0x00000000e0000000)
  object space 194560K, 51% used [0x00000000a0000000,0x00000000a6249590,0x00000000abe00000)
 Metaspace       used 85617K, capacity 92850K, committed 93184K, reserved 1130496K
  class space    used 10698K, capacity 12370K, committed 12544K, reserved 1048576K
}
Event: 7944.531 GC heap before
{Heap before GC invocations=73 (full 6):
 PSYoungGen      total 471040K, used 426528K [0x00000000e0000000, 0x00000000ff980000, 0x0000000100000000)
  eden space 422912K, 100% used [0x00000000e0000000,0x00000000f9d00000,0x00000000f9d00000)
  from space 48128K, 7% used [0x00000000fca80000,0x00000000fce08020,0x00000000ff980000)
  to   space 46592K, 0% used [0x00000000f9d00000,0x00000000f9d00000,0x00000000fca80000)
 ParOldGen       total 194560K, used 100645K [0x00000000a0000000, 0x00000000abe00000, 0x00000000e0000000)
  object space 194560K, 51% used [0x00000000a0000000,0x00000000a6249590,0x00000000abe00000)
 Metaspace       used 86368K, capacity 93604K, committed 93696K, reserved 1130496K
  class space    used 10783K, capacity 12475K, committed 12544K, reserved 1048576K
Event: 7944.620 GC heap after
Heap after GC invocations=73 (full 6):
 PSYoungGen      total 469504K, used 46562K [0x00000000e0000000, 0x0000000100000000, 0x0000000100000000)
  eden space 422912K, 0% used [0x00000000e0000000,0x00000000e0000000,0x00000000f9d00000)
  from space 46592K, 99% used [0x00000000f9d00000,0x00000000fca789a0,0x00000000fca80000)
  to   space 54784K, 0% used [0x00000000fca80000,0x00000000fca80000,0x0000000100000000)
 ParOldGen       total 194560K, used 136497K [0x00000000a0000000, 0x00000000abe00000, 0x00000000e0000000)
  object space 194560K, 70% used [0x00000000a0000000,0x00000000a854c4f8,0x00000000abe00000)
 Metaspace       used 86368K, capacity 93604K, committed 93696K, reserved 1130496K
  class space    used 10783K, capacity 12475K, committed 12544K, reserved 1048576K
}
Event: 7946.014 GC heap before
{Heap before GC invocations=74 (full 6):
 PSYoungGen      total 469504K, used 469447K [0x00000000e0000000, 0x0000000100000000, 0x0000000100000000)
  eden space 422912K, 99% used [0x00000000e0000000,0x00000000f9cf9518,0x00000000f9d00000)
  from space 46592K, 99% used [0x00000000f9d00000,0x00000000fca789a0,0x00000000fca80000)
  to   space 54784K, 0% used [0x00000000fca80000,0x00000000fca80000,0x0000000100000000)
 ParOldGen       total 194560K, used 136497K [0x00000000a0000000, 0x00000000abe00000, 0x00000000e0000000)
  object space 194560K, 70% used [0x00000000a0000000,0x00000000a854c4f8,0x00000000abe00000)
 Metaspace       used 86400K, capacity 93632K, committed 93952K, reserved 1130496K
  class space    used 10785K, capacity 12479K, committed 12544K, reserved 1048576K
Event: 7946.068 GC heap after
Heap after GC invocations=74 (full 6):
 PSYoungGen      total 431616K, used 46879K [0x00000000e0000000, 0x0000000100000000, 0x0000000100000000)
  eden space 376832K, 0% used [0x00000000e0000000,0x00000000e0000000,0x00000000f7000000)
  from space 54784K, 85% used [0x00000000fca80000,0x00000000ff847f08,0x0000000100000000)
  to   space 73728K, 0% used [0x00000000f7000000,0x00000000f7000000,0x00000000fb800000)
 ParOldGen       total 194560K, used 137095K [0x00000000a0000000, 0x00000000abe00000, 0x00000000e0000000)
  object space 194560K, 70% used [0x00000000a0000000,0x00000000a85e1e48,0x00000000abe00000)
 Metaspace       used 86400K, capacity 93632K, committed 93952K, reserved 1130496K
  class space    used 10785K, capacity 12479K, committed 12544K, reserved 1048576K
}
Event: 7992.952 GC heap before
{Heap before GC invocations=75 (full 6):
 PSYoungGen      total 431616K, used 423711K [0x00000000e0000000, 0x0000000100000000, 0x0000000100000000)
  eden space 376832K, 100% used [0x00000000e0000000,0x00000000f7000000,0x00000000f7000000)
  from space 54784K, 85% used [0x00000000fca80000,0x00000000ff847f08,0x0000000100000000)
  to   space 73728K, 0% used [0x00000000f7000000,0x00000000f7000000,0x00000000fb800000)
 ParOldGen       total 194560K, used 137095K [0x00000000a0000000, 0x00000000abe00000, 0x00000000e0000000)
  object space 194560K, 70% used [0x00000000a0000000,0x00000000a85e1e48,0x00000000abe00000)
 Metaspace       used 86468K, capacity 93806K, committed 94080K, reserved 1130496K
  class space    used 10801K, capacity 12528K, committed 12672K, reserved 1048576K

