# JRE version: OpenJDK Runtime Environment (8.0_112-b06) (build 1.8.0_112-release-b06)
# Java VM: OpenJDK 64-Bit Server VM (25.112-b06 mixed mode windows-amd64 compressed oops)
Heap:
 PSYoungGen      total 455680K, used 454531K [0x00000000e0000000, 0x0000000100000000, 0x0000000100000000)
  eden space 404992K, 99% used [0x00000000e0000000,0x00000000f8abb2d8,0x00000000f8b80000)
  from space 50688K, 99% used [0x00000000f8b80000,0x00000000fbca5a48,0x00000000fbd00000)
  to   space 65024K, 29% used [0x00000000fc080000,0x00000000fd309ac8,0x0000000100000000)
 ParOldGen       total 198656K, used 143199K [0x00000000a0000000, 0x00000000ac200000, 0x00000000e0000000)
  object space 198656K, 72% used [0x00000000a0000000,0x00000000a8bd7c98,0x00000000ac200000)
 Metaspace       used 78113K, capacity 82030K, committed 82264K, reserved 1120256K
  class space    used 9695K, capacity 10592K, committed 10624K, reserved 1048576K
GC Heap History (10 events):
Event: 279.456 GC heap after
Heap after GC invocations=23 (full 4):
 PSYoungGen      total 454656K, used 19625K [0x00000000e0000000, 0x00000000ffa80000, 0x0000000100000000)
  eden space 390144K, 0% used [0x00000000e0000000,0x00000000e0000000,0x00000000f7d00000)
  from space 64512K, 30% used [0x00000000f7d00000,0x00000000f902a538,0x00000000fbc00000)
  to   space 60416K, 0% used [0x00000000fbf80000,0x00000000fbf80000,0x00000000ffa80000)
 ParOldGen       total 198656K, used 143167K [0x00000000a0000000, 0x00000000ac200000, 0x00000000e0000000)
  object space 198656K, 72% used [0x00000000a0000000,0x00000000a8bcfc98,0x00000000ac200000)
 Metaspace       used 76049K, capacity 79392K, committed 79448K, reserved 1118208K
  class space    used 9529K, capacity 10327K, committed 10368K, reserved 1048576K
}
Event: 493.689 GC heap before
{Heap before GC invocations=24 (full 4):
 PSYoungGen      total 454656K, used 409769K [0x00000000e0000000, 0x00000000ffa80000, 0x0000000100000000)
  eden space 390144K, 100% used [0x00000000e0000000,0x00000000f7d00000,0x00000000f7d00000)
  from space 64512K, 30% used [0x00000000f7d00000,0x00000000f902a538,0x00000000fbc00000)
  to   space 60416K, 0% used [0x00000000fbf80000,0x00000000fbf80000,0x00000000ffa80000)
 ParOldGen       total 198656K, used 143167K [0x00000000a0000000, 0x00000000ac200000, 0x00000000e0000000)
  object space 198656K, 72% used [0x00000000a0000000,0x00000000a8bcfc98,0x00000000ac200000)
 Metaspace       used 76309K, capacity 79808K, committed 80088K, reserved 1118208K
  class space    used 9549K, capacity 10383K, committed 10496K, reserved 1048576K
Event: 493.708 GC heap after
Heap after GC invocations=24 (full 4):
 PSYoungGen      total 458240K, used 8311K [0x00000000e0000000, 0x00000000ff900000, 0x0000000100000000)
  eden space 399360K, 0% used [0x00000000e0000000,0x00000000e0000000,0x00000000f8600000)
  from space 58880K, 14% used [0x00000000fbf80000,0x00000000fc79dfd8,0x00000000ff900000)
  to   space 58880K, 0% used [0x00000000f8600000,0x00000000f8600000,0x00000000fbf80000)
 ParOldGen       total 198656K, used 143175K [0x00000000a0000000, 0x00000000ac200000, 0x00000000e0000000)
  object space 198656K, 72% used [0x00000000a0000000,0x00000000a8bd1c98,0x00000000ac200000)
 Metaspace       used 76309K, capacity 79808K, committed 80088K, reserved 1118208K
  class space    used 9549K, capacity 10383K, committed 10496K, reserved 1048576K
}
Event: 509.575 GC heap before
{Heap before GC invocations=25 (full 4):
 PSYoungGen      total 458240K, used 407671K [0x00000000e0000000, 0x00000000ff900000, 0x0000000100000000)
  eden space 399360K, 100% used [0x00000000e0000000,0x00000000f8600000,0x00000000f8600000)
  from space 58880K, 14% used [0x00000000fbf80000,0x00000000fc79dfd8,0x00000000ff900000)
  to   space 58880K, 0% used [0x00000000f8600000,0x00000000f8600000,0x00000000fbf80000)
 ParOldGen       total 198656K, used 143175K [0x00000000a0000000, 0x00000000ac200000, 0x00000000e0000000)
  object space 198656K, 72% used [0x00000000a0000000,0x00000000a8bd1c98,0x00000000ac200000)
 Metaspace       used 76913K, capacity 80772K, committed 80856K, reserved 1120256K
  class space    used 9605K, capacity 10479K, committed 10496K, reserved 1048576K
Event: 509.633 GC heap after
Heap after GC invocations=25 (full 4):
 PSYoungGen      total 458240K, used 12071K [0x00000000e0000000, 0x00000000ffb00000, 0x0000000100000000)
  eden space 399360K, 0% used [0x00000000e0000000,0x00000000e0000000,0x00000000f8600000)
  from space 58880K, 20% used [0x00000000f8600000,0x00000000f91c9fc8,0x00000000fbf80000)
  to   space 56320K, 0% used [0x00000000fc400000,0x00000000fc400000,0x00000000ffb00000)
 ParOldGen       total 198656K, used 143183K [0x00000000a0000000, 0x00000000ac200000, 0x00000000e0000000)
  object space 198656K, 72% used [0x00000000a0000000,0x00000000a8bd3c98,0x00000000ac200000)
 Metaspace       used 76913K, capacity 80772K, committed 80856K, reserved 1120256K
  class space    used 9605K, capacity 10479K, committed 10496K, reserved 1048576K
}
Event: 515.385 GC heap before
{Heap before GC invocations=26 (full 4):
 PSYoungGen      total 458240K, used 411431K [0x00000000e0000000, 0x00000000ffb00000, 0x0000000100000000)
  eden space 399360K, 100% used [0x00000000e0000000,0x00000000f8600000,0x00000000f8600000)
  from space 58880K, 20% used [0x00000000f8600000,0x00000000f91c9fc8,0x00000000fbf80000)
  to   space 56320K, 0% used [0x00000000fc400000,0x00000000fc400000,0x00000000ffb00000)
 ParOldGen       total 198656K, used 143183K [0x00000000a0000000, 0x00000000ac200000, 0x00000000e0000000)
  object space 198656K, 72% used [0x00000000a0000000,0x00000000a8bd3c98,0x00000000ac200000)
 Metaspace       used 77069K, capacity 80816K, committed 80856K, reserved 1120256K
  class space    used 9608K, capacity 10485K, committed 10496K, reserved 1048576K
Event: 515.433 GC heap after
Heap after GC invocations=26 (full 4):
 PSYoungGen      total 461312K, used 33716K [0x00000000e0000000, 0x0000000100000000, 0x0000000100000000)
  eden space 404992K, 0% used [0x00000000e0000000,0x00000000e0000000,0x00000000f8b80000)
  from space 56320K, 59% used [0x00000000fc400000,0x00000000fe4ed000,0x00000000ffb00000)
  to   space 57856K, 0% used [0x00000000f8b80000,0x00000000f8b80000,0x00000000fc400000)
 ParOldGen       total 198656K, used 143191K [0x00000000a0000000, 0x00000000ac200000, 0x00000000e0000000)
  object space 198656K, 72% used [0x00000000a0000000,0x00000000a8bd5c98,0x00000000ac200000)
 Metaspace       used 77069K, capacity 80816K, committed 80856K, reserved 1120256K
  class space    used 9608K, capacity 10485K, committed 10496K, reserved 1048576K
}
Event: 518.521 GC heap before
{Heap before GC invocations=27 (full 4):
 PSYoungGen      total 461312K, used 438708K [0x00000000e0000000, 0x0000000100000000, 0x0000000100000000)
  eden space 404992K, 100% used [0x00000000e0000000,0x00000000f8b80000,0x00000000f8b80000)
  from space 56320K, 59% used [0x00000000fc400000,0x00000000fe4ed000,0x00000000ffb00000)
  to   space 57856K, 0% used [0x00000000f8b80000,0x00000000f8b80000,0x00000000fc400000)
 ParOldGen       total 198656K, used 143191K [0x00000000a0000000, 0x00000000ac200000, 0x00000000e0000000)
  object space 198656K, 72% used [0x00000000a0000000,0x00000000a8bd5c98,0x00000000ac200000)
 Metaspace       used 78094K, capacity 82030K, committed 82264K, reserved 1120256K
  class space    used 9694K, capacity 10592K, committed 10624K, reserved 1048576K
Event: 518.579 GC heap after
Heap after GC invocations=27 (full 4):
 PSYoungGen      total 455680K, used 50326K [0x00000000e0000000, 0x0000000100000000, 0x0000000100000000)
  eden space 404992K, 0% used [0x00000000e0000000,0x00000000e0000000,0x00000000f8b80000)
  from space 50688K, 99% used [0x00000000f8b80000,0x00000000fbca5a48,0x00000000fbd00000)
  to   space 65024K, 0% used [0x00000000fc080000,0x00000000fc080000,0x0000000100000000)
 ParOldGen       total 198656K, used 143199K [0x00000000a0000000, 0x00000000ac200000, 0x00000000e0000000)
  object space 198656K, 72% used [0x00000000a0000000,0x00000000a8bd7c98,0x00000000ac200000)
 Metaspace       used 78094K, capacity 82030K, committed 82264K, reserved 1120256K
  class space    used 9694K, capacity 10592K, committed 10624K, reserved 1048576K
}
Event: 519.249 GC heap before
{Heap before GC invocations=28 (full 4):
 PSYoungGen      total 455680K, used 454531K [0x00000000e0000000, 0x0000000100000000, 0x0000000100000000)
  eden space 404992K, 99% used [0x00000000e0000000,0x00000000f8abb2d8,0x00000000f8b80000)
  from space 50688K, 99% used [0x00000000f8b80000,0x00000000fbca5a48,0x00000000fbd00000)
  to   space 65024K, 0% used [0x00000000fc080000,0x00000000fc080000,0x0000000100000000)
 ParOldGen       total 198656K, used 143199K [0x00000000a0000000, 0x00000000ac200000, 0x00000000e0000000)
  object space 198656K, 72% used [0x00000000a0000000,0x00000000a8bd7c98,0x00000000ac200000)
 Metaspace       used 78113K, capacity 82030K, committed 82264K, reserved 1120256K
  class space    used 9695K, capacity 10592K, committed 10624K, reserved 1048576K

