# JRE version: OpenJDK Runtime Environment (8.0_112-b06) (build 1.8.0_112-release-b06)
# Java VM: OpenJDK 64-Bit Server VM (25.112-b06 mixed mode windows-amd64 compressed oops)
Heap:
 PSYoungGen      total 349696K, used 300951K [0x00000000e0000000, 0x0000000100000000, 0x0000000100000000)
  eden space 175104K, 100% used [0x00000000e0000000,0x00000000eab00000,0x00000000eab00000)
  from space 174592K, 72% used [0x00000000eab00000,0x00000000f25e5ea0,0x00000000f5580000)
  to   space 174592K, 47% used [0x00000000f5580000,0x00000000fa685078,0x0000000100000000)
 ParOldGen       total 285696K, used 185368K [0x00000000a0000000, 0x00000000b1700000, 0x00000000e0000000)
  object space 285696K, 64% used [0x00000000a0000000,0x00000000ab5061f0,0x00000000b1700000)
 Metaspace       used 82189K, capacity 87696K, committed 87768K, reserved 1126400K
  class space    used 10177K, capacity 11511K, committed 11520K, reserved 1048576K
GC Heap History (10 events):
Event: 8309.213 GC heap after
Heap after GC invocations=78 (full 5):
 PSYoungGen      total 385024K, used 139249K [0x00000000e0000000, 0x0000000100000000, 0x0000000100000000)
  eden space 245760K, 0% used [0x00000000e0000000,0x00000000e0000000,0x00000000ef000000)
  from space 139264K, 99% used [0x00000000ef000000,0x00000000f77fc688,0x00000000f7800000)
  to   space 139264K, 0% used [0x00000000f7800000,0x00000000f7800000,0x0000000100000000)
 ParOldGen       total 285696K, used 123324K [0x00000000a0000000, 0x00000000b1700000, 0x00000000e0000000)
  object space 285696K, 43% used [0x00000000a0000000,0x00000000a786f010,0x00000000b1700000)
 Metaspace       used 82088K, capacity 87496K, committed 87768K, reserved 1126400K
  class space    used 10166K, capacity 11471K, committed 11520K, reserved 1048576K
}
Event: 8309.635 GC heap before
{Heap before GC invocations=79 (full 5):
 PSYoungGen      total 385024K, used 384302K [0x00000000e0000000, 0x0000000100000000, 0x0000000100000000)
  eden space 245760K, 99% used [0x00000000e0000000,0x00000000eef4f208,0x00000000ef000000)
  from space 139264K, 99% used [0x00000000ef000000,0x00000000f77fc688,0x00000000f7800000)
  to   space 139264K, 0% used [0x00000000f7800000,0x00000000f7800000,0x0000000100000000)
 ParOldGen       total 285696K, used 123324K [0x00000000a0000000, 0x00000000b1700000, 0x00000000e0000000)
  object space 285696K, 43% used [0x00000000a0000000,0x00000000a786f010,0x00000000b1700000)
 Metaspace       used 82092K, capacity 87496K, committed 87768K, reserved 1126400K
  class space    used 10166K, capacity 11471K, committed 11520K, reserved 1048576K
Event: 8309.747 GC heap after
Heap after GC invocations=79 (full 5):
 PSYoungGen      total 314368K, used 137493K [0x00000000e0000000, 0x0000000100000000, 0x0000000100000000)
  eden space 175104K, 0% used [0x00000000e0000000,0x00000000e0000000,0x00000000eab00000)
  from space 139264K, 98% used [0x00000000f7800000,0x00000000ffe45708,0x0000000100000000)
  to   space 174592K, 0% used [0x00000000eab00000,0x00000000eab00000,0x00000000f5580000)
 ParOldGen       total 285696K, used 123492K [0x00000000a0000000, 0x00000000b1700000, 0x00000000e0000000)
  object space 285696K, 43% used [0x00000000a0000000,0x00000000a7899010,0x00000000b1700000)
 Metaspace       used 82092K, capacity 87496K, committed 87768K, reserved 1126400K
  class space    used 10166K, capacity 11471K, committed 11520K, reserved 1048576K
}
Event: 8309.802 GC heap before
{Heap before GC invocations=80 (full 5):
 PSYoungGen      total 314368K, used 312529K [0x00000000e0000000, 0x0000000100000000, 0x0000000100000000)
  eden space 175104K, 99% used [0x00000000e0000000,0x00000000eaaeed38,0x00000000eab00000)
  from space 139264K, 98% used [0x00000000f7800000,0x00000000ffe45708,0x0000000100000000)
  to   space 174592K, 0% used [0x00000000eab00000,0x00000000eab00000,0x00000000f5580000)
 ParOldGen       total 285696K, used 123492K [0x00000000a0000000, 0x00000000b1700000, 0x00000000e0000000)
  object space 285696K, 43% used [0x00000000a0000000,0x00000000a7899010,0x00000000b1700000)
 Metaspace       used 82092K, capacity 87496K, committed 87768K, reserved 1126400K
  class space    used 10166K, capacity 11471K, committed 11520K, reserved 1048576K
Event: 8309.904 GC heap after
Heap after GC invocations=80 (full 5):
 PSYoungGen      total 349696K, used 130932K [0x00000000e0000000, 0x0000000100000000, 0x0000000100000000)
  eden space 175104K, 0% used [0x00000000e0000000,0x00000000e0000000,0x00000000eab00000)
  from space 174592K, 74% used [0x00000000eab00000,0x00000000f2add3b0,0x00000000f5580000)
  to   space 174592K, 0% used [0x00000000f5580000,0x00000000f5580000,0x0000000100000000)
 ParOldGen       total 285696K, used 123750K [0x00000000a0000000, 0x00000000b1700000, 0x00000000e0000000)
  object space 285696K, 43% used [0x00000000a0000000,0x00000000a78d9950,0x00000000b1700000)
 Metaspace       used 82092K, capacity 87496K, committed 87768K, reserved 1126400K
  class space    used 10166K, capacity 11471K, committed 11520K, reserved 1048576K
}
Event: 8395.706 GC heap before
{Heap before GC invocations=81 (full 5):
 PSYoungGen      total 349696K, used 306036K [0x00000000e0000000, 0x0000000100000000, 0x0000000100000000)
  eden space 175104K, 100% used [0x00000000e0000000,0x00000000eab00000,0x00000000eab00000)
  from space 174592K, 74% used [0x00000000eab00000,0x00000000f2add3b0,0x00000000f5580000)
  to   space 174592K, 0% used [0x00000000f5580000,0x00000000f5580000,0x0000000100000000)
 ParOldGen       total 285696K, used 123750K [0x00000000a0000000, 0x00000000b1700000, 0x00000000e0000000)
  object space 285696K, 43% used [0x00000000a0000000,0x00000000a78d9950,0x00000000b1700000)
 Metaspace       used 82146K, capacity 87680K, committed 87768K, reserved 1126400K
  class space    used 10177K, capacity 11511K, committed 11520K, reserved 1048576K
Event: 8395.819 GC heap after
Heap after GC invocations=81 (full 5):
 PSYoungGen      total 349696K, used 126202K [0x00000000e0000000, 0x0000000100000000, 0x0000000100000000)
  eden space 175104K, 0% used [0x00000000e0000000,0x00000000e0000000,0x00000000eab00000)
  from space 174592K, 72% used [0x00000000f5580000,0x00000000fd0beb80,0x0000000100000000)
  to   space 174592K, 0% used [0x00000000eab00000,0x00000000eab00000,0x00000000f5580000)
 ParOldGen       total 285696K, used 123902K [0x00000000a0000000, 0x00000000b1700000, 0x00000000e0000000)
  object space 285696K, 43% used [0x00000000a0000000,0x00000000a78ff950,0x00000000b1700000)
 Metaspace       used 82146K, capacity 87680K, committed 87768K, reserved 1126400K
  class space    used 10177K, capacity 11511K, committed 11520K, reserved 1048576K
}
Event: 8397.261 GC heap before
{Heap before GC invocations=82 (full 5):
 PSYoungGen      total 349696K, used 301306K [0x00000000e0000000, 0x0000000100000000, 0x0000000100000000)
  eden space 175104K, 100% used [0x00000000e0000000,0x00000000eab00000,0x00000000eab00000)
  from space 174592K, 72% used [0x00000000f5580000,0x00000000fd0beb80,0x0000000100000000)
  to   space 174592K, 0% used [0x00000000eab00000,0x00000000eab00000,0x00000000f5580000)
 ParOldGen       total 285696K, used 123902K [0x00000000a0000000, 0x00000000b1700000, 0x00000000e0000000)
  object space 285696K, 43% used [0x00000000a0000000,0x00000000a78ff950,0x00000000b1700000)
 Metaspace       used 82146K, capacity 87680K, committed 87768K, reserved 1126400K
  class space    used 10177K, capacity 11511K, committed 11520K, reserved 1048576K
Event: 8397.371 GC heap after
Heap after GC invocations=82 (full 5):
 PSYoungGen      total 349696K, used 125847K [0x00000000e0000000, 0x0000000100000000, 0x0000000100000000)
  eden space 175104K, 0% used [0x00000000e0000000,0x00000000e0000000,0x00000000eab00000)
  from space 174592K, 72% used [0x00000000eab00000,0x00000000f25e5ea0,0x00000000f5580000)
  to   space 174592K, 0% used [0x00000000f5580000,0x00000000f5580000,0x0000000100000000)
 ParOldGen       total 285696K, used 124160K [0x00000000a0000000, 0x00000000b1700000, 0x00000000e0000000)
  object space 285696K, 43% used [0x00000000a0000000,0x00000000a7940290,0x00000000b1700000)
 Metaspace       used 82146K, capacity 87680K, committed 87768K, reserved 1126400K
  class space    used 10177K, capacity 11511K, committed 11520K, reserved 1048576K
}
Event: 8400.635 GC heap before
{Heap before GC invocations=83 (full 5):
 PSYoungGen      total 349696K, used 300951K [0x00000000e0000000, 0x0000000100000000, 0x0000000100000000)
  eden space 175104K, 100% used [0x00000000e0000000,0x00000000eab00000,0x00000000eab00000)
  from space 174592K, 72% used [0x00000000eab00000,0x00000000f25e5ea0,0x00000000f5580000)
  to   space 174592K, 0% used [0x00000000f5580000,0x00000000f5580000,0x0000000100000000)
 ParOldGen       total 285696K, used 124160K [0x00000000a0000000, 0x00000000b1700000, 0x00000000e0000000)
  object space 285696K, 43% used [0x00000000a0000000,0x00000000a7940290,0x00000000b1700000)
 Metaspace       used 82189K, capacity 87696K, committed 87768K, reserved 1126400K
  class space    used 10177K, capacity 11511K, committed 11520K, reserved 1048576K

